Player, 0, 0.5, 0 

Arrow, 1.925722, 0.5, 4.814305 

Player, 0, 0.5, 0 

Arrow, 1.851444, 0.5, 4.62861 

Player, 0, 0.5, 0 

Player, 0, 0.5, 0 

Player, 0, 0.5, 0 

Player, 0, 0.5, 0 

Player, 0, 0.5, 0 

Player, 0, 0.5, 0 

Player, 0, 0.5, 0 

Player, 0, 0.5, 0 

Player, 0, 0.5, 0 

Player, 0, 0.5, 0 

Player, 0, 0.5, 0 

Player, 0, 0.5, 0 

Player, 0, 0.5, 0 

Player, 0, 0.5, 0 

Player, 0, 0.5, 0 

Player, 0, 0.5, 0 

Arrow, 0.6134748, 0.5, 1.533687 

Player, 0, 0.5, 0 

Player, 0, 0.5, 0 

Player, 0, 0.5, 0 

Player, 0, 0.5, 0 

Player, 0, 0.5, 0 

Arrow, 0.2622433, 0.5, 0.6556082 

Player, -0.0211176, 0.5, 0 

Arrow, 0.192425, 0.5, 0.4940706 

Arrow, 0.1578841, 0.5, 0.4141537 

Player, -0.06031248, 0.5, 0 

Arrow, 0.1282475, 0.5, 0.3579012 

Arrow, 0.09128403, 0.5, 0.2877418 

Arrow, 0.05685298, 0.5, 0.222389 

Player, -0.1277138, 0.5, 0 

Arrow, 0.00455822, 0.5, 0.1593778 

Arrow, -0.04466341, 0.5, 0.1000694 

Player, -0.2152529, 0.5, 0 

Arrow, -0.1229317, 0.5, 0.05415648 

Arrow, -0.1881592, 0.5, 0.01589341 

Player, -0.3407586, 0.5, 0 

Arrow, -0.3407586, 0.5, 0 

Player, -0.4757119, 0.5, 0 

Arrow, -0.4194886, 0.5, 0 

Arrow, -0.4757119, 0.5, 0 

Arrow, -0.4757119, 0.5, 0 

Player, -0.6402486, 0.5, 0 

Arrow, -0.5638299, 0.5, 0 

Arrow, -0.6402486, 0.5, 0 

Player, -0.8234234, 0.5, 0 

Arrow, -0.7190716, 0.5, 0 

Arrow, -0.7986716, 0.5, 0 

Player, -1.032895, 0.5, 0 

Arrow, -0.9382106, 0.5, 0 

Arrow, -0.9872126, 0.5, 0 

Arrow, -1.032895, 0.5, 0 

Player, -1.264626, 0.5, 0 

Arrow, -1.108464, 0.5, 0 

Arrow, -1.192392, 0.5, 0 

Arrow, -1.264626, 0.5, 0 

Player, -1.524853, 0.5, 0 

Arrow, -1.343803, 0.5, 0 

Arrow, -1.427908, 0.5, 0 

Player, -1.805183, 0.5, 0 

Arrow, -1.511335, 0.5, 0 

Arrow, -1.586407, 0.5, 0 

Arrow, -1.674194, 0.5, 0 

Player, -2.113853, 0.5, 0 

Arrow, -1.747498, 0.5, 0 

Arrow, -1.824952, 0.5, 0 

Player, -2.4415, 0.5, 0 

Arrow, -1.905635, 0.5, 0 

Arrow, -1.985818, 0.5, 0 

Player, -2.807717, 0.5, 0 

Arrow, -2.227057, 0.5, 0 

Player, -3.183687, 0.5, 0 

Arrow, -2.30833, 0.5, 0 

Arrow, -2.387668, 0.5, 0 

Arrow, -2.465597, 0.5, 0 

Player, -3.583687, 0.5, 0 

Arrow, -2.546491, 0.5, 0 

Arrow, -2.625415, 0.5, 0 

Player, -3.983687, 0.5, 0 

Arrow, -2.715379, 0.5, 0 

Arrow, -2.786377, 0.5, 0 

Arrow, -2.870321, 0.5, 0 

Player, -4.383687, 0.5, 0 

Arrow, -2.948709, 0.5, 0 

Arrow, -3.025991, 0.5, 0 

Player, -4.783687, 0.5, 0 

Arrow, -3.100574, 0.5, 0 

Arrow, -3.185786, 0.5, 0 

Arrow, -3.262013, 0.5, 0 

Player, -5.183687, 0.5, 0 

Arrow, -3.341978, 0.5, 0 

Arrow, -3.428204, 0.5, 0 

Player, -5.583687, 0.5, 0 

Arrow, -3.502486, 0.5, 0 

Arrow, -3.580236, 0.5, 0 

Arrow, -3.663901, 0.5, 0 

Player, -5.983687, 0.5, 0 

Arrow, -3.741228, 0.5, 0 

Arrow, -3.82333, 0.5, 0 

Player, -6.383687, 0.5, 0 

Arrow, -3.90273, 0.5, 0 

Arrow, -3.988687, 0.5, 0 

Player, -6.383687, 0.5, 0 

Player, -6.383687, 0.5, 0 

Arrow, -4.319873, 0.5, 0 

Arrow, -4.468184, 0.5, 0 

Player, -6.356853, 0.5, 0 

Arrow, -4.543493, 0.5, 0 

Arrow, -4.623065, 0.5, 0 

Player, -6.311191, 0.5, 0 

Arrow, -4.700389, 0.5, 0 

Arrow, -4.776407, 0.5, 0 

Arrow, -4.854304, 0.5, 0 

Player, -6.237325, 0.5, 0 

Arrow, -4.935427, 0.5, 0 

Arrow, -5.012486, 0.5, 0 

Arrow, -5.092052, 0.5, 0 

Player, -6.135332, 0.5, 0 

Arrow, -5.169814, 0.5, 0 

Arrow, -5.250552, 0.5, 0 

Player, -6.014598, 0.5, 0 

Arrow, -5.325989, 0.5, 0 

Arrow, -5.405538, 0.5, 0 

Arrow, -5.488935, 0.5, 0 

Player, -5.864596, 0.5, 0 

Arrow, -5.56989, 0.5, 0 

Arrow, -5.646534, 0.5, 0 

Player, -5.696246, 0.5, 0 

Arrow, -5.696246, 0.5, 0 

Arrow, -5.696246, 0.5, 0 

Arrow, -5.696246, 0.5, 0 

Player, -5.499479, 0.5, 0 

Arrow, -5.615169, 0.5, 0 

Arrow, -5.531976, 0.5, 0 

Player, -5.264407, 0.5, 0 

Arrow, -5.295958, 0.5, 0 

Player, -5.020156, 0.5, 0 

Arrow, -5.219473, 0.5, 0 

Arrow, -5.142022, 0.5, 0 

Player, -4.756705, 0.5, 0 

Arrow, -5.059465, 0.5, 0 

Arrow, -4.980167, 0.5, 0 

Arrow, -4.905926, 0.5, 0 

Player, -4.465176, 0.5, 0 

Arrow, -4.825478, 0.5, 0 

Arrow, -4.746405, 0.5, 0 

Player, -4.154877, 0.5, 0 

Arrow, -4.669066, 0.5, 0 

Arrow, -4.586762, 0.5, 0 

Arrow, -4.506197, 0.5, 0 

Player, -3.816211, 0.5, 0 

Arrow, -4.432676, 0.5, 0 

Arrow, -4.354182, 0.5, 0 

Player, -3.458632, 0.5, 0 

Arrow, -4.275062, 0.5, 0 

Arrow, -4.192655, 0.5, 0 

Player, -3.129597, 0.5, 0 

Arrow, -4.037189, 0.5, 0 

Arrow, -3.960194, 0.5, 0 

Player, -2.81961, 0.5, 0 

Arrow, -3.87846, 0.5, 0 

Arrow, -3.802394, 0.5, 0 

Arrow, -3.72183, 0.5, 0 

Player, -2.537079, 0.5, 0 

Arrow, -3.649664, 0.5, 0 

Arrow, -3.568124, 0.5, 0 

Arrow, -3.489116, 0.5, 0 

Player, -2.301996, 0.5, 0 

Player, -2.066913, 0.5, 0 

Arrow, -3.254258, 0.5, 0 

Arrow, -3.173199, 0.5, 0 

Arrow, -3.099516, 0.5, 0 

Player, -1.859705, 0.5, 0 

Arrow, -3.021966, 0.5, 0 

Arrow, -2.93037, 0.5, 0 

Player, -1.67179, 0.5, 0 

Arrow, -2.861193, 0.5, 0 

Arrow, -2.784793, 0.5, 0 

Arrow, -2.700802, 0.5, 0 

Player, -1.5212, 0.5, -0.02815692 

Arrow, -2.550195, 0.5, -0.00359497 

Player, -1.37999, 0.5, -0.06569365 

Arrow, -2.47214, 0.5, -0.007737086 

Arrow, -2.391828, 0.5, -0.01199896 

Arrow, -2.314185, 0.5, -0.01611919 

Player, -1.267237, 0.5, -0.1316881 

Arrow, -2.235691, 0.5, -0.0247839 

Arrow, -2.156601, 0.5, -0.03351433 

Arrow, -2.083529, 0.5, -0.04158051 

Player, -1.182374, 0.5, -0.2255717 

Arrow, -2.005809, 0.5, -0.05744873 

Arrow, -1.930384, 0.5, -0.07284845 

Player, -1.117056, 0.5, -0.3390011 

Arrow, -1.848743, 0.5, -0.09956453 

Arrow, -1.777182, 0.5, -0.122982 

Arrow, -1.706812, 0.5, -0.1460102 

Player, -1.079039, 0.5, -0.4797302 

Arrow, -1.637797, 0.5, -0.1826978 

Arrow, -1.563247, 0.5, -0.2223281 

Player, -1.059748, 0.5, -0.6391864 

Arrow, -1.508073, 0.5, -0.2680081 

Player, -1.059748, 0.5, -0.8267843 

Arrow, -1.361313, 0.5, -0.4509243 

Arrow, -1.31175, 0.5, -0.5126972 

Player, -1.059748, 0.5, -1.033719 

Arrow, -1.276071, 0.5, -0.5864656 

Arrow, -1.243368, 0.5, -0.6540801 

Arrow, -1.209899, 0.5, -0.7232781 

Player, -1.059748, 0.5, -1.268129 

Arrow, -1.189446, 0.5, -0.7974945 

Arrow, -1.168601, 0.5, -0.8731347 

Arrow, -1.14951, 0.5, -0.9424093 

Player, -1.059748, 0.5, -1.530383 

Arrow, -1.137178, 0.5, -1.023189 

Arrow, -1.125108, 0.5, -1.102253 

Player, -1.059748, 0.5, -1.811262 

Arrow, -1.118202, 0.5, -1.17717 

Arrow, -1.111246, 0.5, -1.252621 

Arrow, -1.103719, 0.5, -1.334276 

Player, -1.059748, 0.5, -2.120258 

Arrow, -1.099444, 0.5, -1.410685 

Arrow, -1.094704, 0.5, -1.495418 

Player, -1.059748, 0.5, -2.4478 

Arrow, -1.092148, 0.5, -1.565062 

Arrow, -1.089001, 0.5, -1.650801 

Arrow, -1.086429, 0.5, -1.720858 

Player, -1.059748, 0.5, -2.803652 

Arrow, -1.084458, 0.5, -1.800843 

Arrow, -1.082636, 0.5, -1.874813 

Player, -1.059748, 0.5, -3.177573 

Arrow, -1.08129, 0.5, -1.951388 

Arrow, -1.079836, 0.5, -2.034139 

Player, -1.059748, 0.5, -3.523108 

Arrow, -1.077762, 0.5, -2.187915 

Player, -1.059748, 0.5, -3.840969 

Arrow, -1.075249, 0.5, -2.418513 

Arrow, -1.07438, 0.5, -2.498263 

Player, -1.059748, 0.5, -4.138783 

Arrow, -1.073601, 0.5, -2.585566 

Arrow, -1.073029, 0.5, -2.649762 

Arrow, -1.072322, 0.5, -2.729009 

Player, -1.059748, 0.5, -4.409962 

Arrow, -1.071734, 0.5, -2.807523 

Arrow, -1.071156, 0.5, -2.884916 

Player, -1.059748, 0.5, -4.66311 

Arrow, -1.070688, 0.5, -2.957766 

Arrow, -1.07019, 0.5, -3.03541 

Arrow, -1.069715, 0.5, -3.109418 

Player, -1.059748, 0.5, -4.887804 

Arrow, -1.069236, 0.5, -3.194883 

Arrow, -1.068838, 0.5, -3.265894 

Player, -1.059748, 0.5, -5 

Arrow, -1.068073, 0.5, -3.41192 

Arrow, -1.067835, 0.5, -3.457214 

Arrow, -1.067563, 0.5, -3.509252 

Player, -1.059748, 0.5, -5 

Arrow, -1.067228, 0.5, -3.573126 

Arrow, -1.066799, 0.5, -3.654868 

Arrow, -1.066413, 0.5, -3.728482 

Player, -1.059748, 0.5, -5 

Arrow, -1.06598, 0.5, -3.811143 

Arrow, -1.065597, 0.5, -3.884245 

Player, -1.059748, 0.5, -5 

Arrow, -1.065166, 0.5, -3.966462 

Arrow, -1.064791, 0.5, -4.037904 

Arrow, -1.064408, 0.5, -4.110969 

Player, -1.059748, 0.5, -5 

Arrow, -1.063982, 0.5, -4.192197 

Player, -1.059748, 0.5, -5 

Arrow, -1.06275, 0.5, -4.42728 

Player, -1.059748, 0.5, -4.982487 

Arrow, -1.061961, 0.5, -4.573218 

Arrow, -1.061537, 0.5, -4.651677 

Arrow, -1.061146, 0.5, -4.723971 

Player, -1.059748, 0.5, -4.937191 

Arrow, -1.060616, 0.5, -4.804741 

Player, -1.059748, 0.5, -4.937191 

Arrow, -1.059748, 0.5, -4.937191 

Arrow, -1.059748, 0.5, -4.937191 

Arrow, -1.059748, 0.5, -4.937191 

Player, -1.059748, 0.5, -4.937191 

Arrow, -1.059748, 0.5, -4.937191 

Arrow, -1.059748, 0.5, -4.937191 

Arrow, -1.059748, 0.5, -4.937191 

Player, -1.059748, 0.5, -4.937191 

Arrow, -1.059748, 0.5, -4.937191 

Arrow, -1.059748, 0.5, -4.937191 

Player, -1.059748, 0.5, -4.937191 

Arrow, -1.059748, 0.5, -4.937191 

Arrow, -1.059748, 0.5, -4.937191 

Arrow, -1.059748, 0.5, -4.937191 

Player, -1.059748, 0.5, -4.937191 

Arrow, -1.059748, 0.5, -4.937191 

Arrow, -1.059748, 0.5, -4.937191 

Player, -1.059748, 0.5, -4.937191 

Arrow, -1.059748, 0.5, -4.937191 

Arrow, -1.059748, 0.5, -4.937191 

Arrow, -1.059748, 0.5, -4.937191 

Player, -1.059748, 0.5, -4.937191 

Arrow, -1.059748, 0.5, -4.937191 

Arrow, -1.059748, 0.5, -4.937191 

Player, -1.059748, 0.5, -4.937191 

Arrow, -1.059748, 0.5, -4.937191 

Player, -1.059748, 0.5, -4.937191 

Arrow, -1.059748, 0.5, -4.937191 

Arrow, -1.059748, 0.5, -4.937191 

Arrow, -1.059748, 0.5, -4.937191 

Player, -1.059748, 0.5, -4.937191 

Arrow, -1.059748, 0.5, -4.937191 

Arrow, -1.059748, 0.5, -4.937191 

Arrow, -1.059748, 0.5, -4.937191 

Player, -1.059748, 0.5, -4.937191 

Arrow, -1.059748, 0.5, -4.937191 

Arrow, -1.059748, 0.5, -4.937191 

Player, -1.059748, 0.5, -4.937191 

Arrow, -1.059748, 0.5, -4.937191 

Arrow, -1.059748, 0.5, -4.937191 

Arrow, -1.059748, 0.5, -4.937191 

Player, -1.059748, 0.5, -4.937191 

Arrow, -1.059748, 0.5, -4.937191 

Arrow, -1.059748, 0.5, -4.937191 

Player, -1.059748, 0.5, -4.937191 

Arrow, -1.059748, 0.5, -4.937191 

Arrow, -1.059748, 0.5, -4.937191 

Player, -1.059748, 0.5, -4.937191 

Arrow, -1.059748, 0.5, -4.937191 

Player, -1.059748, 0.5, -4.937191 

Arrow, -1.059748, 0.5, -4.937191 

Arrow, -1.059748, 0.5, -4.937191 

Player, -1.059748, 0.5, -4.937191 

Arrow, -1.059748, 0.5, -4.937191 

Arrow, -1.059748, 0.5, -4.937191 

Arrow, -1.059748, 0.5, -4.937191 

Player, -1.059748, 0.5, -4.937191 

Arrow, -1.059748, 0.5, -4.937191 

Player, -1.059748, 0.5, -4.937191 

Arrow, -1.059748, 0.5, -4.937191 

Arrow, -1.059748, 0.5, -4.937191 

Player, -1.059748, 0.5, -4.937191 

Arrow, -1.059748, 0.5, -4.937191 

Arrow, -1.059748, 0.5, -4.937191 

Arrow, -1.059748, 0.5, -4.937191 

Player, -1.059748, 0.5, -4.937191 

Arrow, -1.059748, 0.5, -4.937191 

Arrow, -1.059748, 0.5, -4.937191 

Arrow, -1.059748, 0.5, -4.937191 

Player, -1.059748, 0.5, -4.937191 

Arrow, -1.059748, 0.5, -4.937191 

Arrow, -1.059748, 0.5, -4.937191 

Player, -1.059748, 0.5, -4.937191 

Arrow, -1.059748, 0.5, -4.937191 

Arrow, -1.059748, 0.5, -4.937191 

Arrow, -1.059748, 0.5, -4.937191 

Player, -1.059748, 0.5, -4.937191 

Arrow, -1.059748, 0.5, -4.937191 

Arrow, -1.059748, 0.5, -4.937191 

Arrow, -1.059748, 0.5, -4.937191 

Player, -1.059748, 0.5, -4.937191 

Arrow, -1.059748, 0.5, -4.937191 

Arrow, -1.059748, 0.5, -4.937191 

Player, -1.059748, 0.5, -4.937191 

Arrow, -1.059748, 0.5, -4.937191 

Arrow, -1.059748, 0.5, -4.937191 

Arrow, -1.059748, 0.5, -4.937191 

Player, -1.059748, 0.5, -4.937191 

Arrow, -1.059748, 0.5, -4.937191 

Arrow, -1.059748, 0.5, -4.937191 

Arrow, -1.059748, 0.5, -4.937191 

Player, -1.059748, 0.5, -4.937191 

Arrow, -1.059748, 0.5, -4.937191 

Player, -1.059748, 0.5, -4.937191 

Arrow, -1.059748, 0.5, -4.937191 

Arrow, -1.059748, 0.5, -4.937191 

Arrow, -1.059748, 0.5, -4.937191 

Player, -1.059748, 0.5, -4.937191 

Arrow, -1.059748, 0.5, -4.937191 

Arrow, -1.059748, 0.5, -4.937191 

Arrow, -1.059748, 0.5, -4.937191 

Player, -1.059748, 0.5, -4.937191 

Arrow, -1.059748, 0.5, -4.937191 

Arrow, -1.059748, 0.5, -4.937191 

Arrow, -1.059748, 0.5, -4.937191 

Player, -1.059748, 0.5, -4.937191 

Arrow, -1.059748, 0.5, -4.937191 

Arrow, -1.059748, 0.5, -4.937191 

Player, -1.059748, 0.5, -4.937191 

Arrow, -1.059748, 0.5, -4.937191 

Arrow, -1.059748, 0.5, -4.937191 

Arrow, -1.059748, 0.5, -4.937191 

Player, -1.059748, 0.5, -4.937191 

Arrow, -1.059748, 0.5, -4.937191 

Arrow, -1.059748, 0.5, -4.937191 

Arrow, -1.059748, 0.5, -4.937191 

Player, -1.059748, 0.5, -4.937191 

Arrow, -1.059748, 0.5, -4.937191 

Arrow, -1.059748, 0.5, -4.937191 

Player, -1.059748, 0.5, -4.937191 

Arrow, -1.059748, 0.5, -4.937191 

Arrow, -1.059748, 0.5, -4.937191 

Arrow, -1.059748, 0.5, -4.937191 

Player, -1.059748, 0.5, -4.937191 

Arrow, -1.059748, 0.5, -4.937191 

Arrow, -1.059748, 0.5, -4.937191 

Arrow, -1.059748, 0.5, -4.937191 

Player, -1.059748, 0.5, -4.937191 

Arrow, -1.059748, 0.5, -4.937191 

Player, -1.059748, 0.5, -4.937191 

Arrow, -1.059748, 0.5, -4.937191 

Arrow, -1.059748, 0.5, -4.937191 

Arrow, -1.059748, 0.5, -4.937191 

Player, -1.059748, 0.5, -4.937191 

Arrow, -1.059748, 0.5, -4.937191 

Arrow, -1.059748, 0.5, -4.937191 

Arrow, -1.059748, 0.5, -4.937191 

Player, -1.059748, 0.5, -4.937191 

Arrow, -1.059748, 0.5, -4.937191 

Arrow, -1.059748, 0.5, -4.937191 

Arrow, -1.059748, 0.5, -4.937191 

Player, -1.059748, 0.5, -4.937191 

Arrow, -1.059748, 0.5, -4.937191 

Arrow, -1.059748, 0.5, -4.937191 

Player, -1.059748, 0.5, -4.937191 

Arrow, -1.059748, 0.5, -4.937191 

Arrow, -1.059748, 0.5, -4.937191 

Arrow, -1.059748, 0.5, -4.937191 

Player, -1.059748, 0.5, -4.937191 

Arrow, -1.059748, 0.5, -4.937191 

Arrow, -1.059748, 0.5, -4.937191 

Arrow, -1.059748, 0.5, -4.937191 

Player, -1.059748, 0.5, -4.937191 

Arrow, -1.059748, 0.5, -4.937191 

Arrow, -1.059748, 0.5, -4.937191 

Player, -1.059748, 0.5, -4.937191 

Arrow, -1.059748, 0.5, -4.937191 

Arrow, -1.059748, 0.5, -4.937191 

Arrow, -1.059748, 0.5, -4.937191 

Player, -1.059748, 0.5, -4.937191 

Arrow, -1.059748, 0.5, -4.937191 

Arrow, -1.059748, 0.5, -4.937191 

Arrow, -1.059748, 0.5, -4.937191 

Player, -1.059748, 0.5, -4.937191 

Arrow, -1.059748, 0.5, -4.937191 

Player, -1.059748, 0.5, -4.937191 

Arrow, -1.059748, 0.5, -4.937191 

Arrow, -1.059748, 0.5, -4.937191 

Arrow, -1.059748, 0.5, -4.937191 

Player, -1.059748, 0.5, -4.937191 

Arrow, -1.059748, 0.5, -4.937191 

Arrow, -1.059748, 0.5, -4.937191 

Arrow, -1.059748, 0.5, -4.937191 

Player, -1.059748, 0.5, -4.937191 

Arrow, -1.059748, 0.5, -4.937191 

Arrow, -1.059748, 0.5, -4.937191 

Arrow, -1.059748, 0.5, -4.937191 

Player, -1.059748, 0.5, -4.937191 

Arrow, -1.059748, 0.5, -4.937191 

Arrow, -1.059748, 0.5, -4.937191 

Player, -1.059748, 0.5, -4.937191 

Arrow, -1.059748, 0.5, -4.937191 

Arrow, -1.059748, 0.5, -4.937191 

Arrow, -1.059748, 0.5, -4.937191 

Player, -1.059748, 0.5, -4.937191 

Arrow, -1.059748, 0.5, -4.937191 

Arrow, -1.059748, 0.5, -4.937191 

Arrow, -1.059748, 0.5, -4.937191 

Player, -1.059748, 0.5, -4.937191 

Arrow, -1.059748, 0.5, -4.937191 

Arrow, -1.059748, 0.5, -4.937191 

Player, -1.059748, 0.5, -4.937191 

Arrow, -1.059748, 0.5, -4.937191 

Arrow, -1.059748, 0.5, -4.937191 

Arrow, -1.059748, 0.5, -4.937191 

Player, -1.059748, 0.5, -4.937191 

Arrow, -1.059748, 0.5, -4.937191 

Arrow, -1.059748, 0.5, -4.937191 

Arrow, -1.059748, 0.5, -4.937191 

Player, -1.059748, 0.5, -4.937191 

Arrow, -1.059748, 0.5, -4.937191 

Arrow, -1.059748, 0.5, -4.937191 

Player, -1.059748, 0.5, -4.937191 

Arrow, -1.059748, 0.5, -4.937191 

Arrow, -1.059748, 0.5, -4.937191 

Player, -1.059748, 0.5, -4.937191 

Arrow, -1.059748, 0.5, -4.937191 

Arrow, -1.059748, 0.5, -4.937191 

Arrow, -1.059748, 0.5, -4.937191 

Player, -1.059748, 0.5, -4.937191 

Arrow, -1.059748, 0.5, -4.937191 

Arrow, -1.059748, 0.5, -4.937191 

Arrow, -1.059748, 0.5, -4.937191 

Player, -1.059748, 0.5, -4.937191 

Arrow, -1.059748, 0.5, -4.937191 

Arrow, -1.059748, 0.5, -4.937191 

Player, -1.059748, 0.5, -4.937191 

Arrow, -1.059748, 0.5, -4.937191 

Arrow, -1.059748, 0.5, -4.937191 

Arrow, -1.059748, 0.5, -4.937191 

Player, -1.059748, 0.5, -4.937191 

Arrow, -1.059748, 0.5, -4.937191 

Arrow, -1.059748, 0.5, -4.937191 

Arrow, -1.059748, 0.5, -4.937191 

Player, -1.059748, 0.5, -4.937191 

Arrow, -1.059748, 0.5, -4.937191 

Arrow, -1.059748, 0.5, -4.937191 

Arrow, -1.059748, 0.5, -4.937191 

Player, -1.059748, 0.5, -4.937191 

Arrow, -1.059748, 0.5, -4.937191 

Arrow, -1.059748, 0.5, -4.937191 

Player, -1.059748, 0.5, -4.937191 

Arrow, -1.059748, 0.5, -4.937191 

Arrow, -1.059748, 0.5, -4.937191 

Arrow, -1.059748, 0.5, -4.937191 

Player, -1.059748, 0.5, -4.937191 

Arrow, -1.059748, 0.5, -4.937191 

Arrow, -1.059748, 0.5, -4.937191 

Player, -1.059748, 0.5, -4.937191 

Arrow, -1.059748, 0.5, -4.937191 

Arrow, -1.059748, 0.5, -4.937191 

Arrow, -1.059748, 0.5, -4.937191 

Player, -1.059748, 0.5, -4.937191 

Arrow, -1.059748, 0.5, -4.937191 

Arrow, -1.059748, 0.5, -4.937191 

Player, -1.059748, 0.5, -4.937191 

Arrow, -1.059748, 0.5, -4.937191 

Arrow, -1.059748, 0.5, -4.937191 

Arrow, -1.059748, 0.5, -4.937191 

Player, -1.059748, 0.5, -4.937191 

Arrow, -1.059748, 0.5, -4.937191 

Arrow, -1.059748, 0.5, -4.937191 

Arrow, -1.059748, 0.5, -4.937191 

Player, -1.059748, 0.5, -4.937191 

Arrow, -1.059748, 0.5, -4.937191 

Arrow, -1.059748, 0.5, -4.937191 

Arrow, -1.059748, 0.5, -4.937191 

Player, -1.059748, 0.5, -4.937191 

Arrow, -1.059748, 0.5, -4.937191 

Arrow, -1.059748, 0.5, -4.937191 

Player, -1.059748, 0.5, -4.937191 

Arrow, -1.059748, 0.5, -4.937191 

Arrow, -1.059748, 0.5, -4.937191 

Arrow, -1.059748, 0.5, -4.937191 

Player, -1.059748, 0.5, -4.937191 

Arrow, -1.059748, 0.5, -4.937191 

Arrow, -1.059748, 0.5, -4.937191 

Arrow, -1.059748, 0.5, -4.937191 

Player, -1.059748, 0.5, -4.937191 

Arrow, -1.059748, 0.5, -4.937191 

Arrow, -1.059748, 0.5, -4.937191 

Arrow, -1.059748, 0.5, -4.937191 

Player, -1.059748, 0.5, -4.937191 

Arrow, -1.059748, 0.5, -4.937191 

Arrow, -1.059748, 0.5, -4.937191 

Player, -1.059748, 0.5, -4.937191 

Arrow, -1.059748, 0.5, -4.937191 

Arrow, -1.059748, 0.5, -4.937191 

Player, -1.059748, 0.5, -4.937191 

Arrow, -1.059748, 0.5, -4.937191 

Arrow, -1.059748, 0.5, -4.937191 

Arrow, -1.059748, 0.5, -4.937191 

Player, -1.059748, 0.5, -4.937191 

Arrow, -1.059748, 0.5, -4.937191 

Arrow, -1.059748, 0.5, -4.937191 

Arrow, -1.059748, 0.5, -4.937191 

Player, -1.059748, 0.5, -4.937191 

Arrow, -1.059748, 0.5, -4.937191 

Arrow, -1.059748, 0.5, -4.937191 

Player, -1.059748, 0.5, -4.937191 

Arrow, -1.059748, 0.5, -4.937191 

Arrow, -1.059748, 0.5, -4.937191 

Arrow, -1.059748, 0.5, -4.937191 

Player, -1.059748, 0.5, -4.937191 

Arrow, -1.059748, 0.5, -4.937191 

Arrow, -1.059748, 0.5, -4.937191 

Arrow, -1.059748, 0.5, -4.937191 

Player, -1.059748, 0.5, -4.937191 

Arrow, -1.059748, 0.5, -4.937191 

Arrow, -1.059748, 0.5, -4.937191 

Arrow, -1.059748, 0.5, -4.937191 

Player, -1.059748, 0.5, -4.937191 

Arrow, -1.059748, 0.5, -4.937191 

Arrow, -1.059748, 0.5, -4.937191 

Player, -1.059748, 0.5, -4.937191 

Arrow, -1.059748, 0.5, -4.937191 

Arrow, -1.059748, 0.5, -4.937191 

Arrow, -1.059748, 0.5, -4.937191 

Player, -1.059748, 0.5, -4.937191 

Arrow, -1.059748, 0.5, -4.937191 

Arrow, -1.059748, 0.5, -4.937191 

Arrow, -1.059748, 0.5, -4.937191 

Player, -1.059748, 0.5, -4.937191 

Arrow, -1.059748, 0.5, -4.937191 

Arrow, -1.059748, 0.5, -4.937191 

Player, -1.059748, 0.5, -4.937191 

Arrow, -1.059748, 0.5, -4.937191 

Arrow, -1.059748, 0.5, -4.937191 

Arrow, -1.059748, 0.5, -4.937191 

Player, -1.059748, 0.5, -4.937191 

Arrow, -1.059748, 0.5, -4.937191 

Arrow, -1.059748, 0.5, -4.937191 

Arrow, -1.059748, 0.5, -4.937191 

Player, -1.059748, 0.5, -4.937191 

Arrow, -1.059748, 0.5, -4.937191 

Arrow, -1.059748, 0.5, -4.937191 

Player, -1.059748, 0.5, -4.937191 

Arrow, -1.059748, 0.5, -4.937191 

Arrow, -1.059748, 0.5, -4.937191 

Arrow, -1.059748, 0.5, -4.937191 

Player, -1.059748, 0.5, -4.937191 

Arrow, -1.059748, 0.5, -4.937191 

Arrow, -1.059748, 0.5, -4.937191 

Arrow, -1.059748, 0.5, -4.937191 

Player, -1.059748, 0.5, -4.937191 

Arrow, -1.059748, 0.5, -4.937191 

Arrow, -1.059748, 0.5, -4.937191 

Arrow, -1.059748, 0.5, -4.937191 

Player, -1.059748, 0.5, -4.937191 

Arrow, -1.059748, 0.5, -4.937191 

Arrow, -1.059748, 0.5, -4.937191 

Player, -1.059748, 0.5, -4.937191 

Arrow, -1.059748, 0.5, -4.937191 

Arrow, -1.059748, 0.5, -4.937191 

Player, -1.059748, 0.5, -4.937191 

Arrow, -1.059748, 0.5, -4.937191 

Arrow, -1.059748, 0.5, -4.937191 

Arrow, -1.059748, 0.5, -4.937191 

Player, -1.059748, 0.5, -4.937191 

Arrow, -1.059748, 0.5, -4.937191 

Arrow, -1.059748, 0.5, -4.937191 

Player, -1.059748, 0.5, -4.937191 

Arrow, -1.059748, 0.5, -4.937191 

Arrow, -1.059748, 0.5, -4.937191 

Arrow, -1.059748, 0.5, -4.937191 

Player, -1.059748, 0.5, -4.937191 

Arrow, -1.059748, 0.5, -4.937191 

Arrow, -1.059748, 0.5, -4.937191 

Arrow, -1.059748, 0.5, -4.937191 

Player, -1.059748, 0.5, -4.937191 

Arrow, -1.059748, 0.5, -4.937191 

Arrow, -1.059748, 0.5, -4.937191 

Player, -1.059748, 0.5, -4.937191 

Arrow, -1.059748, 0.5, -4.937191 

Arrow, -1.059748, 0.5, -4.937191 

Arrow, -1.059748, 0.5, -4.937191 

Player, -1.059748, 0.5, -4.937191 

Arrow, -1.059748, 0.5, -4.937191 

Arrow, -1.059748, 0.5, -4.937191 

Arrow, -1.059748, 0.5, -4.937191 

Player, -1.059748, 0.5, -4.937191 

Arrow, -1.059748, 0.5, -4.937191 

Arrow, -1.059748, 0.5, -4.937191 

Arrow, -1.059748, 0.5, -4.937191 

Player, -1.059748, 0.5, -4.937191 

Arrow, -1.059748, 0.5, -4.937191 

Arrow, -1.059748, 0.5, -4.937191 

Arrow, -1.059748, 0.5, -4.937191 

Player, -1.059748, 0.5, -4.937191 

Arrow, -1.059748, 0.5, -4.937191 

Arrow, -1.059748, 0.5, -4.937191 

Arrow, -1.059748, 0.5, -4.937191 

Player, -1.059748, 0.5, -4.937191 

Arrow, -1.059748, 0.5, -4.937191 

Player, -1.059748, 0.5, -4.937191 

Arrow, -1.059748, 0.5, -4.937191 

Arrow, -1.059748, 0.5, -4.937191 

Player, -1.059748, 0.5, -4.937191 

Arrow, -1.059748, 0.5, -4.937191 

Arrow, -1.059748, 0.5, -4.937191 

Arrow, -1.059748, 0.5, -4.937191 

Player, -1.059748, 0.5, -4.937191 

Arrow, -1.059748, 0.5, -4.937191 

Arrow, -1.059748, 0.5, -4.937191 

Player, -1.059748, 0.5, -4.937191 

Arrow, -1.059748, 0.5, -4.937191 

Arrow, -1.059748, 0.5, -4.937191 

Arrow, -1.059748, 0.5, -4.937191 

Player, -1.059748, 0.5, -4.937191 

Arrow, -1.059748, 0.5, -4.937191 

Player, -1.059748, 0.5, -4.937191 

Arrow, -1.059748, 0.5, -4.937191 

Arrow, -1.059748, 0.5, -4.937191 

Arrow, -1.059748, 0.5, -4.937191 

Player, -1.059748, 0.5, -4.937191 

Arrow, -1.059748, 0.5, -4.937191 

Arrow, -1.059748, 0.5, -4.937191 

Arrow, -1.059748, 0.5, -4.937191 

Player, -1.059748, 0.5, -4.937191 

Arrow, -1.059748, 0.5, -4.937191 

Arrow, -1.059748, 0.5, -4.937191 

Arrow, -1.059748, 0.5, -4.937191 

Player, -1.059748, 0.5, -4.937191 

Arrow, -1.059748, 0.5, -4.937191 

Arrow, -1.059748, 0.5, -4.937191 

Arrow, -1.059748, 0.5, -4.937191 

Player, -1.059748, 0.5, -4.937191 

Arrow, -1.059748, 0.5, -4.937191 

Player, -1.059748, 0.5, -4.937191 

Arrow, -1.059748, 0.5, -4.937191 

Arrow, -1.059748, 0.5, -4.937191 

Player, -1.059748, 0.5, -4.937191 

Arrow, -1.059748, 0.5, -4.937191 

Arrow, -1.059748, 0.5, -4.937191 

Player, -1.059748, 0.5, -4.937191 

Arrow, -1.059748, 0.5, -4.937191 

Arrow, -1.059748, 0.5, -4.937191 

Arrow, -1.059748, 0.5, -4.937191 

Player, -1.059748, 0.5, -4.937191 

Arrow, -1.059748, 0.5, -4.937191 

Arrow, -1.059748, 0.5, -4.937191 

Arrow, -1.059748, 0.5, -4.937191 

Player, -1.059748, 0.5, -4.937191 

Arrow, -1.059748, 0.5, -4.937191 

Arrow, -1.059748, 0.5, -4.937191 

Arrow, -1.059748, 0.5, -4.937191 

Player, -1.059748, 0.5, -4.937191 

Arrow, -1.059748, 0.5, -4.937191 

Arrow, -1.059748, 0.5, -4.937191 

Arrow, -1.059748, 0.5, -4.937191 

Player, -1.059748, 0.5, -4.937191 

Arrow, -1.059748, 0.5, -4.937191 

Arrow, -1.059748, 0.5, -4.937191 

Arrow, -1.059748, 0.5, -4.937191 

Player, -1.059748, 0.5, -4.937191 

Arrow, -1.059748, 0.5, -4.937191 

Arrow, -1.059748, 0.5, -4.937191 

Arrow, -1.059748, 0.5, -4.937191 

Player, -1.059748, 0.5, -4.937191 

Arrow, -1.059748, 0.5, -4.937191 

Arrow, -1.059748, 0.5, -4.937191 

Arrow, -1.059748, 0.5, -4.937191 

Player, -1.059748, 0.5, -4.937191 

Arrow, -1.059748, 0.5, -4.937191 

Arrow, -1.059748, 0.5, -4.937191 

Arrow, -1.059748, 0.5, -4.937191 

Player, -1.059748, 0.5, -4.937191 

Arrow, -1.059748, 0.5, -4.937191 

Arrow, -1.059748, 0.5, -4.937191 

Player, -1.059748, 0.5, -4.937191 

Arrow, -1.059748, 0.5, -4.937191 

Player, -1.059748, 0.5, -4.937191 

Arrow, -1.059748, 0.5, -4.937191 

Arrow, -1.059748, 0.5, -4.937191 

Arrow, -1.059748, 0.5, -4.937191 

Player, -1.059748, 0.5, -4.937191 

Arrow, -1.059748, 0.5, -4.937191 

Arrow, -1.059748, 0.5, -4.937191 

Arrow, -1.059748, 0.5, -4.937191 

Player, -1.059748, 0.5, -4.937191 

Arrow, -1.059748, 0.5, -4.937191 

Arrow, -1.059748, 0.5, -4.937191 

Arrow, -1.059748, 0.5, -4.937191 

Player, -1.059748, 0.5, -4.937191 

Arrow, -1.059748, 0.5, -4.937191 

, 6.810773, 0.5, 0.1510867 

Arrow, 6.810773, 0.5, 0.2112477 

Player, 6.810773, 0.5, 4.142236 

Arrow, 6.810773, 0.5, 0.2726377 

Arrow, 6.810773, 0.5, 0.3472907 

Arrow, 6.810773, 0.5, 0.4034067 

Player, 6.810773, 0.5, 4.142236 

Arrow, 6.810773, 0.5, 0.4728667 

Arrow, 6.810773, 0.5, 0.5917327 

Player, 6.810773, 0.5, 4.119905 

Arrow, 6.810773, 0.5, 0.6589637 

Arrow, 6.810773, 0.5, 0.7263357 

Arrow, 6.810773, 0.5, 0.7853697 

Player, 6.810773, 0.5, 4.075006 

Arrow, 6.810773, 0.5, 0.8470237 

Arrow, 6.810773, 0.5, 0.9163737 

Arrow, 6.810773, 0.5, 0.9740567 

Player, 6.810773, 0.5, 4.007798 

Arrow, 6.810773, 0.5, 1.032932 

Arrow, 6.810773, 0.5, 1.098436 

Arrow, 6.810773, 0.5, 1.159035 

Player, 6.810773, 0.5, 3.918161 

Arrow, 6.810773, 0.5, 1.219839 

Arrow, 6.810773, 0.5, 1.283834 

Arrow, 6.810773, 0.5, 1.343643 

Player, 6.810773, 0.5, 3.791109 

Arrow, 6.810773, 0.5, 1.531633 

Arrow, 6.810773, 0.5, 1.596389 

Player, 6.810773, 0.5, 3.648758 

Arrow, 6.810773, 0.5, 1.65913 

Arrow, 6.810773, 0.5, 1.724271 

Arrow, 6.810773, 0.5, 1.781511 

Player, 6.810773, 0.5, 3.484346 

Arrow, 6.810773, 0.5, 1.842961 

Arrow, 6.810773, 0.5, 1.907752 

Arrow, 6.810773, 0.5, 1.96666 

Player, 6.810773, 0.5, 3.296808 

Arrow, 6.810773, 0.5, 2.03569 

Arrow, 6.810773, 0.5, 2.101629 

Arrow, 6.810773, 0.5, 2.164186 

Player, 6.810773, 0.5, 3.087024 

Arrow, 6.810773, 0.5, 2.22106 

Arrow, 6.810773, 0.5, 2.281299 

Arrow, 6.810773, 0.5, 2.344762 

Arrow, 6.810773, 0.5, 2.406904 

Player, 6.810773, 0.5, 2.840744 

Arrow, 6.810773, 0.5, 2.525198 

Arrow, 6.810773, 0.5, 2.569851 

Arrow, 6.810773, 0.5, 2.61376 

Player, 6.810773, 0.5, 2.577876 

Arrow, 6.810773, 0.5, 2.577876 

Arrow, 6.810773, 0.5, 2.577876 

Arrow, 6.810773, 0.5, 2.577876 

Player, 6.810773, 0.5, 2.328492 

Arrow, 6.810773, 0.5, 2.471177 

Arrow, 6.810773, 0.5, 2.404128 

Arrow, 6.810773, 0.5, 2.345469 

Player, 6.810773, 0.5, 2.102455 

Arrow, 6.810773, 0.5, 2.276616 

Arrow, 6.810773, 0.5, 2.21561 

Arrow, 6.810773, 0.5, 2.158554 

Player, 6.810773, 0.5, 1.897725 

Arrow, 6.810773, 0.5, 2.099065 

Arrow, 6.810773, 0.5, 2.039055 

Arrow, 6.810773, 0.5, 1.968786 

Player, 6.810773, 0.5, 1.729503 

Arrow, 6.810773, 0.5, 1.794821 

Player, 6.810773, 0.5, 1.568635 

Arrow, 6.810773, 0.5, 1.733544 

Arrow, 6.810773, 0.5, 1.670012 

Arrow, 6.810773, 0.5, 1.610361 

Arrow, 6.810773, 0.5, 1.568635 

Player, 6.810773, 0.5, 1.437064 

Arrow, 6.810773, 0.5, 1.509943 

Arrow, 6.810773, 0.5, 1.449894 

Arrow, 6.810773, 0.5, 1.437064 

Player, 6.810773, 0.5, 1.327057 

Arrow, 6.810773, 0.5, 1.379131 

Arrow, 6.810773, 0.5, 1.327057 

Arrow, 6.810773, 0.5, 1.327057 

Player, 6.810773, 0.5, 1.238538 

Arrow, 6.810773, 0.5, 1.278617 

Arrow, 6.810773, 0.5, 1.238538 

Arrow, 6.810773, 0.5, 1.238538 

Arrow, 6.810773, 0.5, 1.238538 

Player, 6.810773, 0.5, 1.179166 

Arrow, 6.810773, 0.5, 1.179218 

Arrow, 6.810773, 0.5, 1.179166 

Arrow, 6.810773, 0.5, 1.179166 

Player, 6.810773, 0.5, 1.141368 

Arrow, 6.810773, 0.5, 1.141368 

Arrow, 6.810773, 0.5, 1.141368 

Arrow, 6.810773, 0.5, 1.141368 

Player, 6.810773, 0.5, 1.125425 

Arrow, 6.810773, 0.5, 1.125425 

Arrow, 6.810773, 0.5, 1.125425 

Arrow, 6.810773, 0.5, 1.125425 

Player, 6.810773, 0.5, 1.125425 

Arrow, 6.810773, 0.5, 1.125425 

Arrow, 6.810773, 0.5, 1.125425 

Arrow, 6.810773, 0.5, 1.125425 

Arrow, 6.810773, 0.5, 1.125425 

Player, 6.810773, 0.5, 1.125425 

Arrow, 6.810773, 0.5, 1.125425 

Arrow, 6.810773, 0.5, 1.125425 

Arrow, 6.810773, 0.5, 1.125425 

Player, 6.810773, 0.5, 1.125425 

Arrow, 6.810773, 0.5, 1.125425 

Arrow, 6.810773, 0.5, 1.125425 

Player, 6.810773, 0.5, 1.125425 

Arrow, 6.810773, 0.5, 1.125425 

Arrow, 6.810773, 0.5, 1.125425 

Arrow, 6.810773, 0.5, 1.125425 

Player, 6.810773, 0.5, 1.125425 

Arrow, 6.810773, 0.5, 1.125425 

Arrow, 6.810773, 0.5, 1.125425 

Arrow, 6.810773, 0.5, 1.125425 

Player, 6.810773, 0.5, 1.125425 

Arrow, 6.810773, 0.5, 1.125425 

Arrow, 6.810773, 0.5, 1.125425 

Arrow, 6.810773, 0.5, 1.125425 

Arrow, 6.810773, 0.5, 1.125425 

Player, 6.810773, 0.5, 1.125425 

Arrow, 6.810773, 0.5, 1.125425 

Arrow, 6.810773, 0.5, 1.125425 

Arrow, 6.810773, 0.5, 1.125425 

Player, 6.810773, 0.5, 1.125425 

Arrow, 6.810773, 0.5, 1.125425 

Arrow, 6.810773, 0.5, 1.125425 

Arrow, 6.810773, 0.5, 1.125425 

Player, 6.810773, 0.5, 1.125425 

Arrow, 6.810773, 0.5, 1.125425 

Arrow, 6.810773, 0.5, 1.125425 

Arrow, 6.810773, 0.5, 1.125425 

Arrow, 6.810773, 0.5, 1.125425 

Player, 6.810773, 0.5, 1.125425 

Arrow, 6.810773, 0.5, 1.125425 

Arrow, 6.810773, 0.5, 1.125425 

Arrow, 6.810773, 0.5, 1.125425 

Player, 6.810773, 0.5, 1.125425 

Arrow, 6.810773, 0.5, 1.125425 

Arrow, 6.810773, 0.5, 1.125425 

Arrow, 6.810773, 0.5, 1.125425 

Arrow, 6.810773, 0.5, 1.125425 

Player, 6.810773, 0.5, 1.125425 

Arrow, 6.810773, 0.5, 1.125425 

Arrow, 6.810773, 0.5, 1.125425 

Arrow, 6.810773, 0.5, 1.125425 

Player, 6.810773, 0.5, 1.125425 

Arrow, 6.810773, 0.5, 1.125425 

Arrow, 6.810773, 0.5, 1.125425 

Player, 6.810773, 0.5, 1.125425 

Arrow, 6.810773, 0.5, 1.125425 

Arrow, 6.810773, 0.5, 1.125425 

Arrow, 6.810773, 0.5, 1.125425 

Arrow, 6.810773, 0.5, 1.125425 

Player, 6.810773, 0.5, 1.125425 

Arrow, 6.810773, 0.5, 1.125425 

Arrow, 6.810773, 0.5, 1.125425 

Arrow, 6.810773, 0.5, 1.125425 

Player, 6.810773, 0.5, 1.125425 

Arrow, 6.810773, 0.5, 1.125425 

Arrow, 6.810773, 0.5, 1.125425 

Arrow, 6.810773, 0.5, 1.125425 

Player, 6.810773, 0.5, 1.125425 

Arrow, 6.810773, 0.5, 1.125425 

Arrow, 6.810773, 0.5, 1.125425 

Arrow, 6.810773, 0.5, 1.125425 

Arrow, 6.810773, 0.5, 1.125425 

Player, 6.810773, 0.5, 1.125425 

Arrow, 6.810773, 0.5, 1.125425 

Arrow, 6.810773, 0.5, 1.125425 

Arrow, 6.810773, 0.5, 1.125425 

Player, 6.810773, 0.5, 1.125425 

Arrow, 6.810773, 0.5, 1.125425 

Arrow, 6.810773, 0.5, 1.125425 

Arrow, 6.810773, 0.5, 1.125425 

Arrow, 6.810773, 0.5, 1.125425 

Player, 6.810773, 0.5, 1.125425 

Arrow, 6.810773, 0.5, 1.125425 

Arrow, 6.810773, 0.5, 1.125425 

Arrow, 6.810773, 0.5, 1.125425 

Player, 6.810773, 0.5, 1.125425 

Arrow, 6.810773, 0.5, 1.125425 

Arrow, 6.810773, 0.5, 1.125425 

Arrow, 6.810773, 0.5, 1.125425 

Arrow, 6.810773, 0.5, 1.125425 

Player, 6.810773, 0.5, 1.125425 

Arrow, 6.810773, 0.5, 1.125425 

Arrow, 6.810773, 0.5, 1.125425 

Arrow, 6.810773, 0.5, 1.125425 

Player, 6.810773, 0.5, 1.125425 

Arrow, 6.810773, 0.5, 1.125425 

Arrow, 6.810773, 0.5, 1.125425 

Player, 6.810773, 0.5, 1.125425 

Arrow, 6.810773, 0.5, 1.125425 

Arrow, 6.810773, 0.5, 1.125425 

Arrow, 6.810773, 0.5, 1.125425 

Arrow, 6.810773, 0.5, 1.125425 

Player, 6.810773, 0.5, 1.125425 

Arrow, 6.810773, 0.5, 1.125425 

Arrow, 6.810773, 0.5, 1.125425 

Arrow, 6.810773, 0.5, 1.125425 

Arrow, 6.810773, 0.5, 1.125425 

Player, 6.810773, 0.5, 1.125425 

Arrow, 6.810773, 0.5, 1.125425 

Arrow, 6.810773, 0.5, 1.125425 

Arrow, 6.810773, 0.5, 1.125425 

Player, 6.810773, 0.5, 1.125425 

Arrow, 6.810773, 0.5, 1.125425 

Arrow, 6.810773, 0.5, 1.125425 

Arrow, 6.810773, 0.5, 1.125425 

Player, 6.810773, 0.5, 1.125425 

Arrow, 6.810773, 0.5, 1.125425 

Arrow, 6.810773, 0.5, 1.125425 

Arrow, 6.810773, 0.5, 1.125425 

Arrow, 6.810773, 0.5, 1.125425 

Player, 6.810773, 0.5, 1.125425 

Arrow, 6.810773, 0.5, 1.125425 

Arrow, 6.810773, 0.5, 1.125425 

Arrow, 6.810773, 0.5, 1.125425 

Player, 6.810773, 0.5, 1.125425 

Arrow, 6.810773, 0.5, 1.125425 

Arrow, 6.810773, 0.5, 1.125425 

Arrow, 6.810773, 0.5, 1.125425 

Arrow, 6.810773, 0.5, 1.125425 

Player, 6.810773, 0.5, 1.125425 

Arrow, 6.810773, 0.5, 1.125425 

Arrow, 6.810773, 0.5, 1.125425 

Arrow, 6.810773, 0.5, 1.125425 

Player, 6.810773, 0.5, 1.125425 

Arrow, 6.810773, 0.5, 1.125425 

Arrow, 6.810773, 0.5, 1.125425 

Arrow, 6.810773, 0.5, 1.125425 

Arrow, 6.810773, 0.5, 1.125425 

Player, 6.810773, 0.5, 1.125425 

Arrow, 6.810773, 0.5, 1.125425 

Arrow, 6.810773, 0.5, 1.125425 

Player, 6.810773, 0.5, 1.125425 

Arrow, 6.810773, 0.5, 1.125425 

Arrow, 6.810773, 0.5, 1.125425 

Arrow, 6.810773, 0.5, 1.125425 

Player, 6.810773, 0.5, 1.125425 

Arrow, 6.810773, 0.5, 1.125425 

Arrow, 6.810773, 0.5, 1.125425 

Arrow, 6.810773, 0.5, 1.125425 

Arrow, 6.810773, 0.5, 1.125425 

Player, 6.810773, 0.5, 1.125425 

Arrow, 6.810773, 0.5, 1.125425 

Arrow, 6.810773, 0.5, 1.125425 

Arrow, 6.810773, 0.5, 1.125425 

Arrow, 6.810773, 0.5, 1.125425 

Player, 6.810773, 0.5, 1.125425 

Arrow, 6.810773, 0.5, 1.125425 

Arrow, 6.810773, 0.5, 1.125425 

Player, 6.810773, 0.5, 1.125425 

Arrow, 6.810773, 0.5, 1.125425 

Arrow, 6.810773, 0.5, 1.125425 

Arrow, 6.810773, 0.5, 1.125425 

Arrow, 6.810773, 0.5, 1.125425 

Player, 6.810773, 0.5, 1.125425 

Arrow, 6.810773, 0.5, 1.125425 

Arrow, 6.810773, 0.5, 1.125425 

Arrow, 6.810773, 0.5, 1.125425 

Arrow, 6.810773, 0.5, 1.125425 

Player, 6.810773, 0.5, 1.125425 

Arrow, 6.810773, 0.5, 1.125425 

Arrow, 6.810773, 0.5, 1.125425 

Arrow, 6.810773, 0.5, 1.125425 

Player, 6.810773, 0.5, 1.125425 

Arrow, 6.810773, 0.5, 1.125425 

Arrow, 6.810773, 0.5, 1.125425 

Arrow, 6.810773, 0.5, 1.125425 

Arrow, 6.810773, 0.5, 1.125425 

Player, 6.810773, 0.5, 1.125425 

Arrow, 6.810773, 0.5, 1.125425 

Arrow, 6.810773, 0.5, 1.125425 

Arrow, 6.810773, 0.5, 1.125425 

Player, 6.810773, 0.5, 1.125425 

Arrow, 6.810773, 0.5, 1.125425 

Arrow, 6.810773, 0.5, 1.125425 

Arrow, 6.810773, 0.5, 1.125425 

Player, 6.810773, 0.5, 1.125425 

Arrow, 6.810773, 0.5, 1.125425 

Arrow, 6.810773, 0.5, 1.125425 

Arrow, 6.810773, 0.5, 1.125425 

Arrow, 6.810773, 0.5, 1.125425 

Player, 6.810773, 0.5, 1.125425 

Arrow, 6.810773, 0.5, 1.125425 

Arrow, 6.810773, 0.5, 1.125425 

Arrow, 6.810773, 0.5, 1.125425 

Player, 6.810773, 0.5, 1.125425 

Arrow, 6.810773, 0.5, 1.125425 

Arrow, 6.810773, 0.5, 1.125425 

Arrow, 6.810773, 0.5, 1.125425 

Arrow, 6.810773, 0.5, 1.125425 

Player, 6.810773, 0.5, 1.125425 

Arrow, 6.810773, 0.5, 1.125425 

Arrow, 6.810773, 0.5, 1.125425 

Arrow, 6.810773, 0.5, 1.125425 

Player, 6.810773, 0.5, 1.125425 

Arrow, 6.810773, 0.5, 1.125425 

Arrow, 6.810773, 0.5, 1.125425 

Arrow, 6.810773, 0.5, 1.125425 

Arrow, 6.810773, 0.5, 1.125425 

Player, 6.810773, 0.5, 1.125425 

Arrow, 6.810773, 0.5, 1.125425 

Arrow, 6.810773, 0.5, 1.125425 

Arrow, 6.810773, 0.5, 1.125425 

Arrow, 6.810773, 0.5, 1.125425 

Player, 6.810773, 0.5, 1.125425 

Arrow, 6.810773, 0.5, 1.125425 

Arrow, 6.810773, 0.5, 1.125425 

Arrow, 6.810773, 0.5, 1.125425 

Player, 6.810773, 0.5, 1.125425 

Arrow, 6.810773, 0.5, 1.125425 

Arrow, 6.810773, 0.5, 1.125425 

Arrow, 6.810773, 0.5, 1.125425 

Arrow, 6.810773, 0.5, 1.125425 

Player, 6.810773, 0.5, 1.125425 

Arrow, 6.810773, 0.5, 1.125425 

Arrow, 6.810773, 0.5, 1.125425 

Arrow, 6.810773, 0.5, 1.125425 

Arrow, 6.810773, 0.5, 1.125425 

Player, 6.810773, 0.5, 1.125425 

Arrow, 6.810773, 0.5, 1.125425 

Arrow, 6.810773, 0.5, 1.125425 

Arrow, 6.810773, 0.5, 1.125425 

Player, 6.810773, 0.5, 1.125425 

Arrow, 6.810773, 0.5, 1.125425 

Arrow, 6.810773, 0.5, 1.125425 

Arrow, 6.810773, 0.5, 1.125425 

Player, 6.810773, 0.5, 1.125425 

Arrow, 6.810773, 0.5, 1.125425 

Arrow, 6.810773, 0.5, 1.125425 

Arrow, 6.810773, 0.5, 1.125425 

Arrow, 6.810773, 0.5, 1.125425 

Player, 6.810773, 0.5, 1.125425 

Arrow, 6.810773, 0.5, 1.125425 

Arrow, 6.810773, 0.5, 1.125425 

Arrow, 6.810773, 0.5, 1.125425 

Player, 6.810773, 0.5, 1.125425 

Arrow, 6.810773, 0.5, 1.125425 

Arrow, 6.810773, 0.5, 1.125425 

Arrow, 6.810773, 0.5, 1.125425 

Arrow, 6.810773, 0.5, 1.125425 

Player, 6.810773, 0.5, 1.125425 

Arrow, 6.810773, 0.5, 1.125425 

Arrow, 6.810773, 0.5, 1.125425 

Arrow, 6.810773, 0.5, 1.125425 

Arrow, 6.810773, 0.5, 1.125425 

Player, 6.810773, 0.5, 1.125425 

Arrow, 6.810773, 0.5, 1.125425 

Arrow, 6.810773, 0.5, 1.125425 

Arrow, 6.810773, 0.5, 1.125425 

Arrow, 6.810773, 0.5, 1.125425 

Player, 6.810773, 0.5, 1.125425 

Arrow, 6.810773, 0.5, 1.125425 

Arrow, 6.810773, 0.5, 1.125425 

Arrow, 6.810773, 0.5, 1.125425 

Player, 6.810773, 0.5, 1.125425 

Arrow, 6.810773, 0.5, 1.125425 

Arrow, 6.810773, 0.5, 1.125425 

Arrow, 6.810773, 0.5, 1.125425 

Arrow, 6.810773, 0.5, 1.125425 

Player, 6.810773, 0.5, 1.125425 

Arrow, 6.810773, 0.5, 1.125425 

Arrow, 6.810773, 0.5, 1.125425 

Arrow, 6.810773, 0.5, 1.125425 

Arrow, 6.810773, 0.5, 1.125425 

Player, 6.810773, 0.5, 1.125425 

Arrow, 6.810773, 0.5, 1.125425 

Arrow, 6.810773, 0.5, 1.125425 

Arrow, 6.810773, 0.5, 1.125425 

Arrow, 6.810773, 0.5, 1.125425 

Player, 6.810773, 0.5, 1.125425 

Arrow, 6.810773, 0.5, 1.125425 

Arrow, 6.810773, 0.5, 1.125425 

Player, 6.810773, 0.5, 1.125425 

Arrow, 6.810773, 0.5, 1.125425 

Arrow, 6.810773, 0.5, 1.125425 

Arrow, 6.810773, 0.5, 1.125425 

Arrow, 6.810773, 0.5, 1.125425 

Player, 6.810773, 0.5, 1.125425 

Arrow, 6.810773, 0.5, 1.125425 

Arrow, 6.810773, 0.5, 1.125425 

Arrow, 6.810773, 0.5, 1.125425 

Arrow, 6.810773, 0.5, 1.125425 

Player, 6.810773, 0.5, 1.125425 

Arrow, 6.810773, 0.5, 1.125425 

Arrow, 6.810773, 0.5, 1.125425 

Arrow, 6.810773, 0.5, 1.125425 

Arrow, 6.810773, 0.5, 1.125425 

Player, 6.810773, 0.5, 1.125425 

Arrow, 6.810773, 0.5, 1.125425 

Arrow, 6.810773, 0.5, 1.125425 

Arrow, 6.810773, 0.5, 1.125425 

Arrow, 6.810773, 0.5, 1.125425 

Player, 6.810773, 0.5, 1.125425 

Arrow, 6.810773, 0.5, 1.125425 

Arrow, 6.810773, 0.5, 1.125425 

Arrow, 6.810773, 0.5, 1.125425 

Arrow, 6.810773, 0.5, 1.125425 

Player, 6.810773, 0.5, 1.125425 

Arrow, 6.810773, 0.5, 1.125425 

Arrow, 6.810773, 0.5, 1.125425 

Arrow, 6.810773, 0.5, 1.125425 

Player, 6.810773, 0.5, 1.125425 

Arrow, 6.810773, 0.5, 1.125425 

Arrow, 6.810773, 0.5, 1.125425 

Arrow, 6.810773, 0.5, 1.125425 

Arrow, 6.810773, 0.5, 1.125425 

Player, 6.810773, 0.5, 1.125425 

Arrow, 6.810773, 0.5, 1.125425 

Arrow, 6.810773, 0.5, 1.125425 

Arrow, 6.810773, 0.5, 1.125425 

Arrow, 6.810773, 0.5, 1.125425 

Player, 6.810773, 0.5, 1.125425 

Arrow, 6.810773, 0.5, 1.125425 

Arrow, 6.810773, 0.5, 1.125425 

Arrow, 6.810773, 0.5, 1.125425 

Arrow, 6.810773, 0.5, 1.125425 

Player, 6.810773, 0.5, 1.125425 

Arrow, 6.810773, 0.5, 1.125425 

Arrow, 6.810773, 0.5, 1.125425 

Arrow, 6.810773, 0.5, 1.125425 

Player, 6.810773, 0.5, 1.125425 

Arrow, 6.810773, 0.5, 1.125425 

Arrow, 6.810773, 0.5, 1.125425 

Arrow, 6.810773, 0.5, 1.125425 

Arrow, 6.810773, 0.5, 1.125425 

Player, 6.810773, 0.5, 1.125425 

Arrow, 6.810773, 0.5, 1.125425 

Arrow, 6.810773, 0.5, 1.125425 

Arrow, 6.810773, 0.5, 1.125425 

Player, 6.810773, 0.5, 1.125425 

Arrow, 6.810773, 0.5, 1.125425 

Arrow, 6.810773, 0.5, 1.125425 

Arrow, 6.810773, 0.5, 1.125425 

Arrow, 6.810773, 0.5, 1.125425 

Player, 6.810773, 0.5, 1.125425 

Arrow, 6.810773, 0.5, 1.125425 

Arrow, 6.810773, 0.5, 1.125425 

Arrow, 6.810773, 0.5, 1.125425 

Arrow, 6.810773, 0.5, 1.125425 

Player, 6.810773, 0.5, 1.125425 

Arrow, 6.810773, 0.5, 1.125425 

Arrow, 6.810773, 0.5, 1.125425 

Arrow, 6.810773, 0.5, 1.125425 

Arrow, 6.810773, 0.5, 1.125425 

Player, 6.810773, 0.5, 1.125425 

Arrow, 6.810773, 0.5, 1.125425 

Arrow, 6.810773, 0.5, 1.125425 

Arrow, 6.810773, 0.5, 1.125425 

Arrow, 6.810773, 0.5, 1.125425 

Player, 6.810773, 0.5, 1.125425 

Arrow, 6.810773, 0.5, 1.125425 

Arrow, 6.810773, 0.5, 1.125425 

Arrow, 6.810773, 0.5, 1.125425 

Player, 6.810773, 0.5, 1.125425 

Arrow, 6.810773, 0.5, 1.125425 

Arrow, 6.810773, 0.5, 1.125425 

Player, 6.810773, 0.5, 1.125425 

Arrow, 6.810773, 0.5, 1.125425 

Arrow, 6.810773, 0.5, 1.125425 

Arrow, 6.810773, 0.5, 1.125425 

Arrow, 6.810773, 0.5, 1.125425 

Arrow, 6.810773, 0.5, 1.125425 

Player, 6.810773, 0.5, 1.125425 

Arrow, 6.810773, 0.5, 1.125425 

Arrow, 6.810773, 0.5, 1.125425 

Arrow, 6.810773, 0.5, 1.125425 

Player, 6.810773, 0.5, 1.125425 

Arrow, 6.810773, 0.5, 1.125425 

Arrow, 6.810773, 0.5, 1.125425 

Arrow, 6.810773, 0.5, 1.125425 

Arrow, 6.810773, 0.5, 1.125425 

Player, 6.810773, 0.5, 1.125425 

Arrow, 6.810773, 0.5, 1.125425 

Arrow, 6.810773, 0.5, 1.125425 

Arrow, 6.810773, 0.5, 1.125425 

Arrow, 6.810773, 0.5, 1.125425 

Player, 6.810773, 0.5, 1.125425 

Arrow, 6.810773, 0.5, 1.125425 

Arrow, 6.810773, 0.5, 1.125425 

Arrow, 6.810773, 0.5, 1.125425 

Arrow, 6.810773, 0.5, 1.125425 

Player, 6.810773, 0.5, 1.125425 

Arrow, 6.810773, 0.5, 1.125425 

Arrow, 6.810773, 0.5, 1.125425 

Arrow, 6.810773, 0.5, 1.125425 

Arrow, 6.810773, 0.5, 1.125425 

Player, 6.810773, 0.5, 1.125425 

Arrow, 6.810773, 0.5, 1.125425 

Arrow, 6.810773, 0.5, 1.125425 

Arrow, 6.810773, 0.5, 1.125425 

Player, 6.810773, 0.5, 1.125425 

Arrow, 6.810773, 0.5, 1.125425 

Arrow, 6.810773, 0.5, 1.125425 

Arrow, 6.810773, 0.5, 1.125425 

Arrow, 6.810773, 0.5, 1.125425 

Player, 6.810773, 0.5, 1.125425 

Arrow, 6.810773, 0.5, 1.125425 

Arrow, 6.810773, 0.5, 1.125425 

Arrow, 6.810773, 0.5, 1.125425 

Arrow, 6.810773, 0.5, 1.125425 

Player, 6.810773, 0.5, 1.125425 

Arrow, 6.810773, 0.5, 1.125425 

Arrow, 6.810773, 0.5, 1.125425 

Arrow, 6.810773, 0.5, 1.125425 

Arrow, 6.810773, 0.5, 1.125425 

Arrow, 6.810773, 0.5, 1.125425 

Player, 6.810773, 0.5, 1.125425 

Arrow, 6.810773, 0.5, 1.125425 

Arrow, 6.810773, 0.5, 1.125425 

Arrow, 6.810773, 0.5, 1.125425 

Player, 6.810773, 0.5, 1.125425 

Arrow, 6.810773, 0.5, 1.125425 

Arrow, 6.810773, 0.5, 1.125425 

Arrow, 6.810773, 0.5, 1.125425 

Player, 6.810773, 0.5, 1.125425 

Arrow, 6.810773, 0.5, 1.125425 

Arrow, 6.810773, 0.5, 1.125425 

Arrow, 6.810773, 0.5, 1.125425 

Arrow, 6.810773, 0.5, 1.125425 

Arrow, 6.810773, 0.5, 1.125425 

Player, 6.810773, 0.5, 1.125425 

Arrow, 6.810773, 0.5, 1.125425 

Arrow, 6.810773, 0.5, 1.125425 

Arrow, 6.810773, 0.5, 1.125425 

Player, 6.810773, 0.5, 1.125425 

Arrow, 6.810773, 0.5, 1.125425 

Arrow, 6.810773, 0.5, 1.125425 

Arrow, 6.810773, 0.5, 1.125425 

Arrow, 6.810773, 0.5, 1.125425 

Player, 6.810773, 0.5, 1.125425 

Arrow, 6.810773, 0.5, 1.125425 

Arrow, 6.810773, 0.5, 1.125425 

Arrow, 6.810773, 0.5, 1.125425 

Arrow, 6.810773, 0.5, 1.125425 

Player, 6.810773, 0.5, 1.125425 

Arrow, 6.810773, 0.5, 1.125425 

Arrow, 6.810773, 0.5, 1.125425 

Arrow, 6.810773, 0.5, 1.125425 

Arrow, 6.810773, 0.5, 1.125425 

Player, 6.810773, 0.5, 1.125425 

Arrow, 6.810773, 0.5, 1.125425 

Arrow, 6.810773, 0.5, 1.125425 

Arrow, 6.810773, 0.5, 1.125425 

Arrow, 6.810773, 0.5, 1.125425 

Player, 6.810773, 0.5, 1.125425 

Arrow, 6.810773, 0.5, 1.125425 

Arrow, 6.810773, 0.5, 1.125425 

Arrow, 6.810773, 0.5, 1.125425 

Arrow, 6.810773, 0.5, 1.125425 

Player, 6.810773, 0.5, 1.125425 

Arrow, 6.810773, 0.5, 1.125425 

Arrow, 6.810773, 0.5, 1.125425 

Arrow, 6.810773, 0.5, 1.125425 

Player, 6.810773, 0.5, 1.125425 

Arrow, 6.810773, 0.5, 1.125425 

Arrow, 6.810773, 0.5, 1.125425 

Arrow, 6.810773, 0.5, 1.125425 

Arrow, 6.810773, 0.5, 1.125425 

Arrow, 6.810773, 0.5, 1.125425 

Player, 6.810773, 0.5, 1.125425 

Arrow, 6.810773, 0.5, 1.125425 

Arrow, 6.810773, 0.5, 1.125425 

Arrow, 6.810773, 0.5, 1.125425 

Player, 6.810773, 0.5, 1.125425 

Arrow, 6.810773, 0.5, 1.125425 

Arrow, 6.810773, 0.5, 1.125425 

Arrow, 6.810773, 0.5, 1.125425 

Arrow, 6.810773, 0.5, 1.125425 

Player, 6.810773, 0.5, 1.125425 

Arrow, 6.810773, 0.5, 1.125425 

Arrow, 6.810773, 0.5, 1.125425 

Arrow, 6.810773, 0.5, 1.125425 

Arrow, 6.810773, 0.5, 1.125425 

Player, 6.810773, 0.5, 1.125425 

Arrow, 6.810773, 0.5, 1.125425 

Arrow, 6.810773, 0.5, 1.125425 

Arrow, 6.810773, 0.5, 1.125425 

Arrow, 6.810773, 0.5, 1.125425 

Arrow, 6.810773, 0.5, 1.125425 

Player, 6.810773, 0.5, 1.125425 

Arrow, 6.810773, 0.5, 1.125425 

Arrow, 6.810773, 0.5, 1.125425 

Arrow, 6.810773, 0.5, 1.125425 

Arrow, 6.810773, 0.5, 1.125425 

Player, 6.810773, 0.5, 1.125425 

Arrow, 6.810773, 0.5, 1.125425 

Arrow, 6.810773, 0.5, 1.125425 

Arrow, 6.810773, 0.5, 1.125425 

Arrow, 6.810773, 0.5, 1.125425 

Player, 6.810773, 0.5, 1.125425 

Arrow, 6.810773, 0.5, 1.125425 

Arrow, 6.810773, 0.5, 1.125425 

Arrow, 6.810773, 0.5, 1.125425 

Arrow, 6.810773, 0.5, 1.125425 

Player, 6.810773, 0.5, 1.125425 

Arrow, 6.810773, 0.5, 1.125425 

Arrow, 6.810773, 0.5, 1.125425 

Arrow, 6.810773, 0.5, 1.125425 

Player, 6.810773, 0.5, 1.125425 

Arrow, 6.810773, 0.5, 1.125425 

Arrow, 6.810773, 0.5, 1.125425 

Arrow, 6.810773, 0.5, 1.125425 

Arrow, 6.810773, 0.5, 1.125425 

Player, 6.810773, 0.5, 1.125425 

Arrow, 6.810773, 0.5, 1.125425 

Arrow, 6.810773, 0.5, 1.125425 

Arrow, 6.810773, 0.5, 1.125425 

Arrow, 6.810773, 0.5, 1.125425 

Player, 6.810773, 0.5, 1.125425 

Arrow, 6.810773, 0.5, 1.125425 

Arrow, 6.810773, 0.5, 1.125425 

Arrow, 6.810773, 0.5, 1.125425 

Player, 6.810773, 0.5, 1.125425 

Arrow, 6.810773, 0.5, 1.125425 

Arrow, 6.810773, 0.5, 1.125425 

Arrow, 6.810773, 0.5, 1.125425 

Arrow, 6.810773, 0.5, 1.125425 

Player, 6.810773, 0.5, 1.125425 

Arrow, 6.810773, 0.5, 1.125425 

Arrow, 6.810773, 0.5, 1.125425 

Arrow, 6.810773, 0.5, 1.125425 

Arrow, 6.810773, 0.5, 1.125425 

Player, 6.810773, 0.5, 1.125425 

Arrow, 6.810773, 0.5, 1.125425 

